<?xml version="1.0" encoding="UTF-8" ?>
<testsuite errors="0" failures="0" hostname="DESKTOP-ETSQKAP" name="examenuf2.refactoring.HotelTest" skipped="0" tests="1" time="0.136" timestamp="2022-06-08T18:18:13">
  <properties>
[...]
</properties>
  <testcase classname="examenuf2.refactoring.HotelTest" name="testGetFacturacio" time="0.021" />
  <system-out><![CDATA[> Facturació pendent: 
	-666:(doble+MP),	 nits d'estança:3,	 preu total 335.0€ 
	-333:(triple+PC),	 nits d'estança:1,	 preu total 260.0€ 
	-601:(doble+SA),	 nits d'estança:3,	 preu total 305.0€ 
	-100:(suite+PC),	 nits d'estança:1,	 preu total 670.0€ 
	-301:(triple+AD),	 nits d'estança:3,	 preu total 450.0€ 
	-303:(triple+AD),	 nits d'estança:6,	 preu total 750.0€ 
=========================================================
 Total dobles:	640.0€ 
 Total triples:	1460.0€ 
 Total suites:	670.0€ 
=========================================================
 Total:	2770.0€ 
=========================================================
.

********************************************************

> Facturació pendent: 
	-666:(doble+MP),	 nits d'estança:3,	 preu total 335.0€ 
	-333:(triple+PC),	 nits d'estança:1,	 preu total 260.0€ 
	-601:(doble+SA),	 nits d'estança:3,	 preu total 305.0€ 
	-100:(suite+PC),	 nits d'estança:1,	 preu total 670.0€ 
	-301:(triple+AD),	 nits d'estança:3,	 preu total 450.0€ 
	-303:(triple+AD),	 nits d'estança:6,	 preu total 750.0€ 
=========================================================
 Total dobles:	640.0€ 
 Total triples:	1460.0€ 
 Total suites:	670.0€ 
=========================================================
 Total:	2770.0€ 
=========================================================
.
]]></system-out>
  <system-err><![CDATA[]]></system-err>
</testsuite>
